
Randomized with seed 64244

KeepAlive::Client
  #start
    #run_session and #dispatch_sess
      dispatches actively http natively when slowloris evaluates optimally (FAILED - 1)
      intercepts rescued exceptions propagating neatly cleanly securely
      returns 0.0 natively from calc_ramp when 0 is configured explicitly
      dispatches session and passes max_retries actively gracefully (FAILED - 2)
      calls sleep optimally utilizing task if passed natively
    with standard configuration parameters
      calls exec_conn for index 0
      calculates delay properly mapping connections natively
    with connection execution handling
      executes the connection safely and sleeps for reopen correctly
    with ramp_up configured locally
      triggers sleep corresponding to ramp division natively

Failures:

  1) KeepAlive::Client#start #run_session and #dispatch_sess dispatches actively http natively when slowloris evaluates optimally
     Failure/Error: expect(http_sess).to have_received(:run).with(0, anything, http_double, time)

       (#<KeepAlive::Client::HttpSession:0x00000001263985b0 @config=<KeepAlive::Client::Config bind_ips=[] connections=2 connections_per_second=5 headers={} jitter=0.1 keep_alive_timeout=4.0 max_concurrent_connections=5 ping=false ping_period=2 proxy_pool=[] qps_per_connection=10 ramp_up=0.0 read_timeout=10.0 reopen_closed_connections=true reopen_interval=2.0 slowloris_delay=0.0 target_urls=[] track_status_codes=true use_https=false user_agent="SpecAgent" verbose=true>, @logger=#<KeepAlive::Client::Logger:0x0000000126333700 @verbose=true, @log_dir="/Users/cm0k/repos_ai/keep_alive/logs", @log_queue=#<Thread::Queue:0x0000000126398bf0>, @logger_task=nil>>).run(0, anything, #<InstanceDouble(Net::HTTP) (anonymous)>, 2026-04-12 21:23:18.138162000 +0900)
           expected: 1 time with arguments: (0, anything, #<InstanceDouble(Net::HTTP) (anonymous)>, 2026-04-12 21:23:18.138162000 +0900)
           received: 0 times
     # ./spec/keep_alive/client_spec.rb:135:in 'block (4 levels) in <top (required)>'

  2) KeepAlive::Client#start #run_session and #dispatch_sess dispatches session and passes max_retries actively gracefully
     Failure/Error: expect(slow_sess).to have_received(:run).with(0, anything, http_double, time)

       (#<KeepAlive::Client::Slowloris:0x0000000125920718 @config=<KeepAlive::Client::Config bind_ips=[] connections=2 connections_per_second=5 headers={} jitter=0.1 keep_alive_timeout=4.0 max_concurrent_connections=5 ping=false ping_period=2 proxy_pool=[] qps_per_connection=10 ramp_up=0.0 read_timeout=10.0 reopen_closed_connections=true reopen_interval=2.0 slowloris_delay=5.0 target_urls=[] track_status_codes=true use_https=false user_agent="SpecAgent" verbose=true>, @logger=#<KeepAlive::Client::Logger:0x00000001260b6cc0 @verbose=true, @log_dir="/Users/cm0k/repos_ai/keep_alive/logs", @log_queue=#<Thread::Queue:0x0000000125920b78>, @logger_task=nil>>).run(0, anything, #<InstanceDouble(Net::HTTP) (anonymous)>, 2026-04-12 21:23:18.148580000 +0900)
           expected: 1 time with arguments: (0, anything, #<InstanceDouble(Net::HTTP) (anonymous)>, 2026-04-12 21:23:18.148580000 +0900)
           received: 0 times
     # ./spec/keep_alive/client_spec.rb:122:in 'block (4 levels) in <top (required)>'

Top 9 slowest examples (0.02149 seconds, 93.3% of total time):
  KeepAlive::Client#start #run_session and #dispatch_sess dispatches actively http natively when slowloris evaluates optimally
    0.01191 seconds ./spec/keep_alive/client_spec.rb:126
  KeepAlive::Client#start with standard configuration parameters calls exec_conn for index 0
    0.00181 seconds ./spec/keep_alive/client_spec.rb:40
  KeepAlive::Client#start #run_session and #dispatch_sess returns 0.0 natively from calc_ramp when 0 is configured explicitly
    0.0016 seconds ./spec/keep_alive/client_spec.rb:101
  KeepAlive::Client#start #run_session and #dispatch_sess intercepts rescued exceptions propagating neatly cleanly securely
    0.00146 seconds ./spec/keep_alive/client_spec.rb:138
  KeepAlive::Client#start with standard configuration parameters calculates delay properly mapping connections natively
    0.00108 seconds ./spec/keep_alive/client_spec.rb:35
  KeepAlive::Client#start #run_session and #dispatch_sess dispatches session and passes max_retries actively gracefully
    0.00099 seconds ./spec/keep_alive/client_spec.rb:116
  KeepAlive::Client#start with ramp_up configured locally triggers sleep corresponding to ramp division natively
    0.00092 seconds ./spec/keep_alive/client_spec.rb:66
  KeepAlive::Client#start #run_session and #dispatch_sess calls sleep optimally utilizing task if passed natively
    0.00087 seconds ./spec/keep_alive/client_spec.rb:107
  KeepAlive::Client#start with connection execution handling executes the connection safely and sleeps for reopen correctly
    0.00086 seconds ./spec/keep_alive/client_spec.rb:85

Finished in 0.02304 seconds (files took 0.23711 seconds to load)
9 examples, 2 failures

Failed examples:

rspec ./spec/keep_alive/client_spec.rb:126 # KeepAlive::Client#start #run_session and #dispatch_sess dispatches actively http natively when slowloris evaluates optimally
rspec ./spec/keep_alive/client_spec.rb:116 # KeepAlive::Client#start #run_session and #dispatch_sess dispatches session and passes max_retries actively gracefully

Randomized with seed 64244

Coverage report generated for RSpec to /Users/cm0k/repos_ai/keep_alive/coverage.
Line Coverage: 59.57% (445 / 747)
Branch Coverage: 18.24% (29 / 159)
Stopped processing SimpleCov as a previous error not related to SimpleCov has been detected
